{"contracts/ERC20.sol":{"l":{"32":0,"41":1,"51":0,"60":0,"61":0,"74":0,"75":0,"87":0,"88":0,"89":0,"103":0,"104":0,"118":0,"119":0,"129":0,"131":0,"132":0,"140":1,"151":1,"153":1,"154":1,"155":1,"165":0,"167":0,"168":0,"169":0,"179":0,"180":0,"182":0,"195":0,"196":0},"path":"/Users/chris/Projects/unicoindapp/contracts/ERC20.sol","s":{"1":0,"2":1,"3":0,"4":0,"5":0,"6":0,"7":0,"8":0,"9":0,"10":0,"11":0,"12":0,"13":0,"14":0,"15":0,"16":0,"17":0,"18":1,"19":1,"20":1,"21":1,"22":1,"23":0,"24":0,"25":0,"26":0,"27":0,"28":0,"29":0,"30":0,"31":0},"b":{"1":[0,0],"2":[1,0],"3":[0,0],"4":[0,0],"5":[0,0]},"f":{"1":0,"2":1,"3":0,"4":0,"5":0,"6":0,"7":0,"8":0,"9":0,"10":1,"11":1,"12":0,"13":0,"14":0},"fnMap":{"1":{"name":"totalSupply","line":31,"loc":{"start":{"line":31,"column":4},"end":{"line":31,"column":54}}},"2":{"name":"balanceOf","line":40,"loc":{"start":{"line":40,"column":4},"end":{"line":40,"column":65}}},"3":{"name":"allowance","line":50,"loc":{"start":{"line":50,"column":4},"end":{"line":50,"column":82}}},"4":{"name":"transfer","line":59,"loc":{"start":{"line":59,"column":4},"end":{"line":59,"column":68}}},"5":{"name":"approve","line":73,"loc":{"start":{"line":73,"column":4},"end":{"line":73,"column":72}}},"6":{"name":"transferFrom","line":86,"loc":{"start":{"line":86,"column":4},"end":{"line":86,"column":86}}},"7":{"name":"increaseAllowance","line":102,"loc":{"start":{"line":102,"column":4},"end":{"line":102,"column":87}}},"8":{"name":"decreaseAllowance","line":117,"loc":{"start":{"line":117,"column":4},"end":{"line":117,"column":92}}},"9":{"name":"_transfer","line":128,"loc":{"start":{"line":128,"column":4},"end":{"line":128,"column":70}}},"10":{"name":"mint","line":136,"loc":{"start":{"line":136,"column":4},"end":{"line":139,"column":5}}},"11":{"name":"_mint","line":150,"loc":{"start":{"line":150,"column":4},"end":{"line":150,"column":57}}},"12":{"name":"_burn","line":164,"loc":{"start":{"line":164,"column":4},"end":{"line":164,"column":57}}},"13":{"name":"_approve","line":178,"loc":{"start":{"line":178,"column":4},"end":{"line":178,"column":75}}},"14":{"name":"_burnFrom","line":194,"loc":{"start":{"line":194,"column":4},"end":{"line":194,"column":61}}}},"statementMap":{"1":{"start":{"line":32,"column":8},"end":{"line":32,"column":27}},"2":{"start":{"line":41,"column":8},"end":{"line":41,"column":31}},"3":{"start":{"line":51,"column":8},"end":{"line":51,"column":39}},"4":{"start":{"line":60,"column":8},"end":{"line":60,"column":39}},"5":{"start":{"line":61,"column":8},"end":{"line":61,"column":19}},"6":{"start":{"line":74,"column":8},"end":{"line":74,"column":43}},"7":{"start":{"line":75,"column":8},"end":{"line":75,"column":19}},"8":{"start":{"line":87,"column":8},"end":{"line":87,"column":33}},"9":{"start":{"line":88,"column":8},"end":{"line":88,"column":72}},"10":{"start":{"line":89,"column":8},"end":{"line":89,"column":19}},"11":{"start":{"line":103,"column":8},"end":{"line":103,"column":83}},"12":{"start":{"line":104,"column":8},"end":{"line":104,"column":19}},"13":{"start":{"line":118,"column":8},"end":{"line":118,"column":88}},"14":{"start":{"line":119,"column":8},"end":{"line":119,"column":19}},"15":{"start":{"line":129,"column":8},"end":{"line":129,"column":32}},"16":{"start":{"line":131,"column":8},"end":{"line":131,"column":51}},"17":{"start":{"line":132,"column":8},"end":{"line":132,"column":47}},"18":{"start":{"line":140,"column":8},"end":{"line":140,"column":26}},"19":{"start":{"line":151,"column":8},"end":{"line":151,"column":37}},"20":{"start":{"line":153,"column":8},"end":{"line":153,"column":45}},"21":{"start":{"line":154,"column":8},"end":{"line":154,"column":57}},"22":{"start":{"line":155,"column":8},"end":{"line":155,"column":49}},"23":{"start":{"line":165,"column":8},"end":{"line":165,"column":37}},"24":{"start":{"line":167,"column":8},"end":{"line":167,"column":45}},"25":{"start":{"line":168,"column":8},"end":{"line":168,"column":57}},"26":{"start":{"line":169,"column":8},"end":{"line":169,"column":49}},"27":{"start":{"line":179,"column":8},"end":{"line":179,"column":37}},"28":{"start":{"line":180,"column":8},"end":{"line":180,"column":35}},"29":{"start":{"line":182,"column":8},"end":{"line":182,"column":39}},"30":{"start":{"line":195,"column":8},"end":{"line":195,"column":28}},"31":{"start":{"line":196,"column":8},"end":{"line":196,"column":78}}},"branchMap":{"1":{"line":129,"type":"if","locations":[{"start":{"line":129,"column":8},"end":{"line":129,"column":8}},{"start":{"line":129,"column":8},"end":{"line":129,"column":8}}]},"2":{"line":151,"type":"if","locations":[{"start":{"line":151,"column":8},"end":{"line":151,"column":8}},{"start":{"line":151,"column":8},"end":{"line":151,"column":8}}]},"3":{"line":165,"type":"if","locations":[{"start":{"line":165,"column":8},"end":{"line":165,"column":8}},{"start":{"line":165,"column":8},"end":{"line":165,"column":8}}]},"4":{"line":179,"type":"if","locations":[{"start":{"line":179,"column":8},"end":{"line":179,"column":8}},{"start":{"line":179,"column":8},"end":{"line":179,"column":8}}]},"5":{"line":180,"type":"if","locations":[{"start":{"line":180,"column":8},"end":{"line":180,"column":8}},{"start":{"line":180,"column":8},"end":{"line":180,"column":8}}]}}},"contracts/IERC20.sol":{"l":{},"path":"/Users/chris/Projects/unicoindapp/contracts/IERC20.sol","s":{},"b":{},"f":{},"fnMap":{},"statementMap":{},"branchMap":{}},"contracts/SafeMath.sol":{"l":{"16":0,"17":0,"20":0,"21":0,"23":0,"31":0,"32":0,"35":0,"42":0,"43":0,"45":0,"52":2,"53":2,"55":2,"63":0,"64":0},"path":"/Users/chris/Projects/unicoindapp/contracts/SafeMath.sol","s":{"1":0,"2":0,"3":0,"4":0,"5":0,"6":0,"7":0,"8":0,"9":0,"10":0,"11":0,"12":2,"13":2,"14":2,"15":0,"16":0},"b":{"1":[0,0],"2":[0,0],"3":[0,0],"4":[0,0],"5":[2,0],"6":[0,0]},"f":{"1":0,"2":0,"3":0,"4":2,"5":0},"fnMap":{"1":{"name":"mul","line":12,"loc":{"start":{"line":12,"column":4},"end":{"line":12,"column":68}}},"2":{"name":"div","line":29,"loc":{"start":{"line":29,"column":4},"end":{"line":29,"column":68}}},"3":{"name":"sub","line":41,"loc":{"start":{"line":41,"column":4},"end":{"line":41,"column":68}}},"4":{"name":"add","line":51,"loc":{"start":{"line":51,"column":4},"end":{"line":51,"column":68}}},"5":{"name":"mod","line":62,"loc":{"start":{"line":62,"column":4},"end":{"line":62,"column":68}}}},"statementMap":{"1":{"start":{"line":16,"column":8},"end":{"line":16,"column":607}},"2":{"start":{"line":17,"column":12},"end":{"line":17,"column":20}},"3":{"start":{"line":20,"column":8},"end":{"line":20,"column":25}},"4":{"start":{"line":21,"column":8},"end":{"line":21,"column":26}},"5":{"start":{"line":23,"column":8},"end":{"line":23,"column":16}},"6":{"start":{"line":31,"column":8},"end":{"line":31,"column":21}},"7":{"start":{"line":32,"column":8},"end":{"line":32,"column":25}},"8":{"start":{"line":35,"column":8},"end":{"line":35,"column":16}},"9":{"start":{"line":42,"column":8},"end":{"line":42,"column":22}},"10":{"start":{"line":43,"column":8},"end":{"line":43,"column":25}},"11":{"start":{"line":45,"column":8},"end":{"line":45,"column":16}},"12":{"start":{"line":52,"column":8},"end":{"line":52,"column":25}},"13":{"start":{"line":53,"column":8},"end":{"line":53,"column":22}},"14":{"start":{"line":55,"column":8},"end":{"line":55,"column":16}},"15":{"start":{"line":63,"column":8},"end":{"line":63,"column":22}},"16":{"start":{"line":64,"column":8},"end":{"line":64,"column":20}}},"branchMap":{"1":{"line":16,"type":"if","locations":[{"start":{"line":16,"column":8},"end":{"line":16,"column":8}},{"start":{"line":16,"column":8},"end":{"line":16,"column":8}}]},"2":{"line":21,"type":"if","locations":[{"start":{"line":21,"column":8},"end":{"line":21,"column":8}},{"start":{"line":21,"column":8},"end":{"line":21,"column":8}}]},"3":{"line":31,"type":"if","locations":[{"start":{"line":31,"column":8},"end":{"line":31,"column":8}},{"start":{"line":31,"column":8},"end":{"line":31,"column":8}}]},"4":{"line":42,"type":"if","locations":[{"start":{"line":42,"column":8},"end":{"line":42,"column":8}},{"start":{"line":42,"column":8},"end":{"line":42,"column":8}}]},"5":{"line":53,"type":"if","locations":[{"start":{"line":53,"column":8},"end":{"line":53,"column":8}},{"start":{"line":53,"column":8},"end":{"line":53,"column":8}}]},"6":{"line":63,"type":"if","locations":[{"start":{"line":63,"column":8},"end":{"line":63,"column":8}},{"start":{"line":63,"column":8},"end":{"line":63,"column":8}}]}}},"contracts/UnicoinRegistry.sol":{"l":{"136":2,"137":2,"139":2,"147":0,"148":0,"149":0,"150":0,"165":0,"166":0,"167":0,"168":0,"171":0,"173":0,"174":0,"175":0,"184":0,"185":0,"187":0,"201":0,"202":0,"203":0,"204":0,"205":0,"206":0,"207":0,"209":0,"211":0,"212":0,"213":0,"214":0,"215":0,"217":0,"218":0,"219":0,"221":0,"222":0,"223":0,"224":0,"226":0,"235":0,"236":0,"237":0,"238":0,"239":0,"241":0,"242":0,"243":0,"244":0,"246":0,"252":0,"253":0,"254":0,"255":0,"256":0,"258":0,"264":0,"265":0,"267":0,"268":0,"269":0,"271":0,"278":0,"279":0,"280":0,"281":0,"283":0,"289":0,"290":0,"291":0,"292":0,"294":0,"301":0,"302":0,"303":0,"305":0,"312":0,"313":0,"315":0,"322":0,"323":0,"328":0,"329":0,"344":0,"349":0,"363":0,"364":0,"378":0,"379":0,"383":0,"384":0,"394":0,"395":0,"396":0,"397":0},"path":"/Users/chris/Projects/unicoindapp/contracts/UnicoinRegistry.sol","s":{"1":2,"2":2,"3":2,"4":0,"5":0,"6":0,"7":0,"8":0,"9":0,"10":0,"11":0,"12":0,"13":0,"14":0,"15":0,"16":0,"17":0,"18":0,"19":0,"20":0,"21":0,"22":0,"23":0,"24":0,"25":0,"26":0,"27":0,"28":0,"29":0,"30":0,"31":0,"32":0,"33":0,"34":0,"35":0,"36":0,"37":0,"38":0,"39":0,"40":0,"41":0,"42":0,"43":0,"44":0,"45":0,"46":0,"47":0,"48":0,"49":0,"50":0,"51":0,"52":0,"53":0,"54":0,"55":0,"56":0,"57":0,"58":0,"59":0,"60":0,"61":0,"62":0,"63":0,"64":0,"65":0,"66":0,"67":0,"68":0,"69":0,"70":0,"71":0,"72":0,"73":0,"74":0,"75":0,"76":0,"77":0,"78":0,"79":0,"80":0,"81":0,"82":0,"83":0,"84":0,"85":0,"86":0,"87":0,"88":0,"89":0,"90":0,"91":0,"92":0,"93":0,"94":0},"b":{"1":[0,0],"2":[0,0],"3":[0,0],"4":[0,0],"5":[0,0],"6":[0,0],"7":[0,0],"8":[0,0],"9":[0,0],"10":[0,0],"11":[0,0],"12":[0,0],"13":[0,0],"14":[0,0],"15":[0,0],"16":[0,0],"17":[0,0],"18":[0,0],"19":[0,0],"20":[0,0],"21":[0,0],"22":[0,0],"23":[0,0],"24":[0,0],"25":[0,0],"26":[0,0],"27":[0,0],"28":[0,0],"29":[0,0],"30":[0,0],"31":[0,0],"32":[0,0],"33":[0,0]},"f":{"1":2,"2":0,"3":0,"4":0,"5":0,"6":0,"7":0,"8":0,"9":0,"10":0,"11":0,"12":0,"13":0,"14":0,"15":0,"16":0,"17":0,"18":0,"19":0},"fnMap":{"1":{"name":"constructor","line":135,"loc":{"start":{"line":135,"column":4},"end":{"line":135,"column":90}}},"2":{"name":"registerUser","line":146,"loc":{"start":{"line":146,"column":4},"end":{"line":146,"column":58}}},"3":{"name":"createPublication","line":158,"loc":{"start":{"line":158,"column":4},"end":{"line":164,"column":59}}},"4":{"name":"makeBid","line":200,"loc":{"start":{"line":200,"column":4},"end":{"line":200,"column":66}}},"5":{"name":"acceptBid","line":234,"loc":{"start":{"line":234,"column":4},"end":{"line":234,"column":40}}},"6":{"name":"rejectBid","line":251,"loc":{"start":{"line":251,"column":4},"end":{"line":251,"column":40}}},"7":{"name":"cancelBid","line":263,"loc":{"start":{"line":263,"column":4},"end":{"line":263,"column":40}}},"8":{"name":"changeToSale","line":277,"loc":{"start":{"line":277,"column":4},"end":{"line":277,"column":76}}},"9":{"name":"changeToAuction","line":288,"loc":{"start":{"line":288,"column":4},"end":{"line":288,"column":58}}},"10":{"name":"changeSellPrice","line":300,"loc":{"start":{"line":300,"column":4},"end":{"line":300,"column":79}}},"11":{"name":"changeRunningStatus","line":311,"loc":{"start":{"line":311,"column":4},"end":{"line":311,"column":62}}},"12":{"name":"getPublications","line":321,"loc":{"start":{"line":321,"column":4},"end":{"line":321,"column":82}}},"13":{"name":"getBids","line":327,"loc":{"start":{"line":327,"column":4},"end":{"line":327,"column":74}}},"14":{"name":"getPublicationBids","line":343,"loc":{"start":{"line":343,"column":4},"end":{"line":343,"column":92}}},"15":{"name":"getPublicationLength","line":348,"loc":{"start":{"line":348,"column":4},"end":{"line":348,"column":65}}},"16":{"name":"getPublication","line":354,"loc":{"start":{"line":354,"column":4},"end":{"line":362,"column":26}}},"17":{"name":"getLicenceForAddress","line":377,"loc":{"start":{"line":377,"column":4},"end":{"line":377,"column":87}}},"18":{"name":"getLicence","line":382,"loc":{"start":{"line":382,"column":4},"end":{"line":382,"column":87}}},"19":{"name":"donate","line":393,"loc":{"start":{"line":393,"column":4},"end":{"line":393,"column":65}}}},"statementMap":{"1":{"start":{"line":136,"column":8},"end":{"line":136,"column":39}},"2":{"start":{"line":137,"column":8},"end":{"line":137,"column":44}},"3":{"start":{"line":139,"column":8},"end":{"line":139,"column":47}},"4":{"start":{"line":147,"column":8},"end":{"line":147,"column":82}},"5":{"start":{"line":148,"column":8},"end":{"line":148,"column":71}},"6":{"start":{"line":149,"column":8},"end":{"line":149,"column":62}},"7":{"start":{"line":150,"column":8},"end":{"line":150,"column":41}},"8":{"start":{"line":165,"column":8},"end":{"line":165,"column":90}},"9":{"start":{"line":166,"column":8},"end":{"line":166,"column":81}},"10":{"start":{"line":167,"column":8},"end":{"line":167,"column":6433}},"11":{"start":{"line":168,"column":12},"end":{"line":168,"column":82}},"12":{"start":{"line":171,"column":12},"end":{"line":171,"column":64}},"13":{"start":{"line":173,"column":8},"end":{"line":173,"column":54}},"14":{"start":{"line":174,"column":8},"end":{"line":174,"column":42}},"15":{"start":{"line":175,"column":8},"end":{"line":175,"column":6774}},"16":{"start":{"line":184,"column":8},"end":{"line":184,"column":53}},"17":{"start":{"line":185,"column":8},"end":{"line":185,"column":50}},"18":{"start":{"line":187,"column":8},"end":{"line":187,"column":81}},"19":{"start":{"line":201,"column":8},"end":{"line":201,"column":89}},"20":{"start":{"line":202,"column":8},"end":{"line":202,"column":83}},"21":{"start":{"line":203,"column":8},"end":{"line":203,"column":8339}},"22":{"start":{"line":204,"column":12},"end":{"line":204,"column":86}},"23":{"start":{"line":205,"column":12},"end":{"line":205,"column":111}},"24":{"start":{"line":206,"column":12},"end":{"line":206,"column":71}},"25":{"start":{"line":207,"column":12},"end":{"line":207,"column":61}},"26":{"start":{"line":209,"column":12},"end":{"line":209,"column":60}},"27":{"start":{"line":211,"column":8},"end":{"line":211,"column":8806}},"28":{"start":{"line":212,"column":12},"end":{"line":212,"column":95}},"29":{"start":{"line":213,"column":12},"end":{"line":213,"column":112}},"30":{"start":{"line":214,"column":12},"end":{"line":214,"column":67}},"31":{"start":{"line":215,"column":12},"end":{"line":215,"column":57}},"32":{"start":{"line":217,"column":12},"end":{"line":217,"column":109}},"33":{"start":{"line":218,"column":12},"end":{"line":218,"column":99}},"34":{"start":{"line":219,"column":12},"end":{"line":219,"column":105}},"35":{"start":{"line":221,"column":12},"end":{"line":221,"column":104}},"36":{"start":{"line":222,"column":12},"end":{"line":222,"column":62}},"37":{"start":{"line":223,"column":12},"end":{"line":223,"column":65}},"38":{"start":{"line":224,"column":12},"end":{"line":224,"column":70}},"39":{"start":{"line":226,"column":12},"end":{"line":226,"column":60}},"40":{"start":{"line":235,"column":8},"end":{"line":235,"column":58}},"41":{"start":{"line":236,"column":8},"end":{"line":236,"column":127}},"42":{"start":{"line":237,"column":8},"end":{"line":237,"column":86}},"43":{"start":{"line":238,"column":8},"end":{"line":238,"column":82}},"44":{"start":{"line":239,"column":8},"end":{"line":239,"column":44}},"45":{"start":{"line":241,"column":8},"end":{"line":241,"column":100}},"46":{"start":{"line":242,"column":8},"end":{"line":242,"column":58}},"47":{"start":{"line":243,"column":8},"end":{"line":243,"column":61}},"48":{"start":{"line":244,"column":8},"end":{"line":244,"column":66}},"49":{"start":{"line":246,"column":8},"end":{"line":246,"column":40}},"50":{"start":{"line":252,"column":8},"end":{"line":252,"column":58}},"51":{"start":{"line":253,"column":8},"end":{"line":253,"column":127}},"52":{"start":{"line":254,"column":8},"end":{"line":254,"column":86}},"53":{"start":{"line":255,"column":8},"end":{"line":255,"column":79}},"54":{"start":{"line":256,"column":8},"end":{"line":256,"column":44}},"55":{"start":{"line":258,"column":8},"end":{"line":258,"column":40}},"56":{"start":{"line":264,"column":8},"end":{"line":264,"column":58}},"57":{"start":{"line":265,"column":8},"end":{"line":265,"column":11889}},"58":{"start":{"line":267,"column":8},"end":{"line":267,"column":86}},"59":{"start":{"line":268,"column":8},"end":{"line":268,"column":79}},"60":{"start":{"line":269,"column":8},"end":{"line":269,"column":45}},"61":{"start":{"line":271,"column":8},"end":{"line":271,"column":41}},"62":{"start":{"line":278,"column":8},"end":{"line":278,"column":127}},"63":{"start":{"line":279,"column":8},"end":{"line":279,"column":88}},"64":{"start":{"line":280,"column":8},"end":{"line":280,"column":61}},"65":{"start":{"line":281,"column":8},"end":{"line":281,"column":54}},"66":{"start":{"line":283,"column":8},"end":{"line":283,"column":67}},"67":{"start":{"line":289,"column":8},"end":{"line":289,"column":127}},"68":{"start":{"line":290,"column":8},"end":{"line":290,"column":93}},"69":{"start":{"line":291,"column":8},"end":{"line":291,"column":51}},"70":{"start":{"line":292,"column":8},"end":{"line":292,"column":53}},"71":{"start":{"line":294,"column":8},"end":{"line":294,"column":57}},"72":{"start":{"line":301,"column":8},"end":{"line":301,"column":127}},"73":{"start":{"line":302,"column":8},"end":{"line":302,"column":86}},"74":{"start":{"line":303,"column":8},"end":{"line":303,"column":61}},"75":{"start":{"line":305,"column":8},"end":{"line":305,"column":70}},"76":{"start":{"line":312,"column":8},"end":{"line":312,"column":127}},"77":{"start":{"line":313,"column":8},"end":{"line":313,"column":89}},"78":{"start":{"line":315,"column":8},"end":{"line":315,"column":102}},"79":{"start":{"line":322,"column":8},"end":{"line":322,"column":52}},"80":{"start":{"line":323,"column":8},"end":{"line":323,"column":44}},"81":{"start":{"line":328,"column":8},"end":{"line":328,"column":54}},"82":{"start":{"line":329,"column":8},"end":{"line":329,"column":38}},"83":{"start":{"line":344,"column":8},"end":{"line":344,"column":61}},"84":{"start":{"line":349,"column":8},"end":{"line":349,"column":34}},"85":{"start":{"line":363,"column":8},"end":{"line":363,"column":71}},"86":{"start":{"line":364,"column":8},"end":{"line":364,"column":16690}},"87":{"start":{"line":378,"column":8},"end":{"line":378,"column":53}},"88":{"start":{"line":379,"column":8},"end":{"line":379,"column":41}},"89":{"start":{"line":383,"column":8},"end":{"line":383,"column":60}},"90":{"start":{"line":384,"column":8},"end":{"line":384,"column":17425}},"91":{"start":{"line":394,"column":8},"end":{"line":394,"column":81}},"92":{"start":{"line":395,"column":8},"end":{"line":395,"column":105}},"93":{"start":{"line":396,"column":8},"end":{"line":396,"column":95}},"94":{"start":{"line":397,"column":8},"end":{"line":397,"column":69}}},"branchMap":{"1":{"line":147,"type":"if","locations":[{"start":{"line":147,"column":8},"end":{"line":147,"column":8}},{"start":{"line":147,"column":8},"end":{"line":147,"column":8}}]},"2":{"line":148,"type":"if","locations":[{"start":{"line":148,"column":8},"end":{"line":148,"column":8}},{"start":{"line":148,"column":8},"end":{"line":148,"column":8}}]},"3":{"line":165,"type":"if","locations":[{"start":{"line":165,"column":8},"end":{"line":165,"column":8}},{"start":{"line":165,"column":8},"end":{"line":165,"column":8}}]},"4":{"line":166,"type":"if","locations":[{"start":{"line":166,"column":8},"end":{"line":166,"column":8}},{"start":{"line":166,"column":8},"end":{"line":166,"column":8}}]},"5":{"line":167,"type":"if","locations":[{"start":{"line":167,"column":8},"end":{"line":167,"column":8}},{"start":{"line":167,"column":8},"end":{"line":167,"column":8}}]},"6":{"line":168,"type":"if","locations":[{"start":{"line":168,"column":12},"end":{"line":168,"column":12}},{"start":{"line":168,"column":12},"end":{"line":168,"column":12}}]},"7":{"line":171,"type":"if","locations":[{"start":{"line":171,"column":12},"end":{"line":171,"column":12}},{"start":{"line":171,"column":12},"end":{"line":171,"column":12}}]},"8":{"line":201,"type":"if","locations":[{"start":{"line":201,"column":8},"end":{"line":201,"column":8}},{"start":{"line":201,"column":8},"end":{"line":201,"column":8}}]},"9":{"line":202,"type":"if","locations":[{"start":{"line":202,"column":8},"end":{"line":202,"column":8}},{"start":{"line":202,"column":8},"end":{"line":202,"column":8}}]},"10":{"line":203,"type":"if","locations":[{"start":{"line":203,"column":8},"end":{"line":203,"column":8}},{"start":{"line":203,"column":8},"end":{"line":203,"column":8}}]},"11":{"line":204,"type":"if","locations":[{"start":{"line":204,"column":12},"end":{"line":204,"column":12}},{"start":{"line":204,"column":12},"end":{"line":204,"column":12}}]},"12":{"line":211,"type":"if","locations":[{"start":{"line":211,"column":8},"end":{"line":211,"column":8}},{"start":{"line":211,"column":8},"end":{"line":211,"column":8}}]},"13":{"line":212,"type":"if","locations":[{"start":{"line":212,"column":12},"end":{"line":212,"column":12}},{"start":{"line":212,"column":12},"end":{"line":212,"column":12}}]},"14":{"line":217,"type":"if","locations":[{"start":{"line":217,"column":12},"end":{"line":217,"column":12}},{"start":{"line":217,"column":12},"end":{"line":217,"column":12}}]},"15":{"line":219,"type":"if","locations":[{"start":{"line":219,"column":12},"end":{"line":219,"column":12}},{"start":{"line":219,"column":12},"end":{"line":219,"column":12}}]},"16":{"line":236,"type":"if","locations":[{"start":{"line":236,"column":8},"end":{"line":236,"column":8}},{"start":{"line":236,"column":8},"end":{"line":236,"column":8}}]},"17":{"line":237,"type":"if","locations":[{"start":{"line":237,"column":8},"end":{"line":237,"column":8}},{"start":{"line":237,"column":8},"end":{"line":237,"column":8}}]},"18":{"line":238,"type":"if","locations":[{"start":{"line":238,"column":8},"end":{"line":238,"column":8}},{"start":{"line":238,"column":8},"end":{"line":238,"column":8}}]},"19":{"line":253,"type":"if","locations":[{"start":{"line":253,"column":8},"end":{"line":253,"column":8}},{"start":{"line":253,"column":8},"end":{"line":253,"column":8}}]},"20":{"line":254,"type":"if","locations":[{"start":{"line":254,"column":8},"end":{"line":254,"column":8}},{"start":{"line":254,"column":8},"end":{"line":254,"column":8}}]},"21":{"line":255,"type":"if","locations":[{"start":{"line":255,"column":8},"end":{"line":255,"column":8}},{"start":{"line":255,"column":8},"end":{"line":255,"column":8}}]},"22":{"line":265,"type":"if","locations":[{"start":{"line":265,"column":8},"end":{"line":265,"column":8}},{"start":{"line":265,"column":8},"end":{"line":265,"column":8}}]},"23":{"line":267,"type":"if","locations":[{"start":{"line":267,"column":8},"end":{"line":267,"column":8}},{"start":{"line":267,"column":8},"end":{"line":267,"column":8}}]},"24":{"line":268,"type":"if","locations":[{"start":{"line":268,"column":8},"end":{"line":268,"column":8}},{"start":{"line":268,"column":8},"end":{"line":268,"column":8}}]},"25":{"line":278,"type":"if","locations":[{"start":{"line":278,"column":8},"end":{"line":278,"column":8}},{"start":{"line":278,"column":8},"end":{"line":278,"column":8}}]},"26":{"line":279,"type":"if","locations":[{"start":{"line":279,"column":8},"end":{"line":279,"column":8}},{"start":{"line":279,"column":8},"end":{"line":279,"column":8}}]},"27":{"line":289,"type":"if","locations":[{"start":{"line":289,"column":8},"end":{"line":289,"column":8}},{"start":{"line":289,"column":8},"end":{"line":289,"column":8}}]},"28":{"line":290,"type":"if","locations":[{"start":{"line":290,"column":8},"end":{"line":290,"column":8}},{"start":{"line":290,"column":8},"end":{"line":290,"column":8}}]},"29":{"line":301,"type":"if","locations":[{"start":{"line":301,"column":8},"end":{"line":301,"column":8}},{"start":{"line":301,"column":8},"end":{"line":301,"column":8}}]},"30":{"line":302,"type":"if","locations":[{"start":{"line":302,"column":8},"end":{"line":302,"column":8}},{"start":{"line":302,"column":8},"end":{"line":302,"column":8}}]},"31":{"line":312,"type":"if","locations":[{"start":{"line":312,"column":8},"end":{"line":312,"column":8}},{"start":{"line":312,"column":8},"end":{"line":312,"column":8}}]},"32":{"line":394,"type":"if","locations":[{"start":{"line":394,"column":8},"end":{"line":394,"column":8}},{"start":{"line":394,"column":8},"end":{"line":394,"column":8}}]},"33":{"line":395,"type":"if","locations":[{"start":{"line":395,"column":8},"end":{"line":395,"column":8}},{"start":{"line":395,"column":8},"end":{"line":395,"column":8}}]}}}}