{"contracts\\ERC20.sol":{"l":{"32":0,"41":1,"51":0,"60":0,"61":0,"74":0,"75":0,"87":0,"88":0,"89":0,"103":0,"104":0,"118":0,"119":0,"129":0,"131":0,"132":0,"133":0,"140":1,"151":1,"153":1,"154":1,"155":1,"165":0,"167":0,"168":0,"169":0,"179":0,"180":0,"182":0,"183":0,"195":0,"196":0},"path":"D:/unicoindapp/contracts/ERC20.sol","s":{"1":0,"2":1,"3":0,"4":0,"5":0,"6":0,"7":0,"8":0,"9":0,"10":0,"11":0,"12":0,"13":0,"14":0,"15":0,"16":0,"17":0,"18":0,"19":1,"20":1,"21":1,"22":1,"23":1,"24":0,"25":0,"26":0,"27":0,"28":0,"29":0,"30":0,"31":0,"32":0,"33":0},"b":{"1":[0,0],"2":[1,0],"3":[0,0],"4":[0,0],"5":[0,0]},"f":{"1":0,"2":1,"3":0,"4":0,"5":0,"6":0,"7":0,"8":0,"9":0,"10":1,"11":1,"12":0,"13":0,"14":0},"fnMap":{"1":{"name":"totalSupply","line":31,"loc":{"start":{"line":31,"column":4},"end":{"line":31,"column":54}}},"2":{"name":"balanceOf","line":40,"loc":{"start":{"line":40,"column":4},"end":{"line":40,"column":65}}},"3":{"name":"allowance","line":50,"loc":{"start":{"line":50,"column":4},"end":{"line":50,"column":82}}},"4":{"name":"transfer","line":59,"loc":{"start":{"line":59,"column":4},"end":{"line":59,"column":68}}},"5":{"name":"approve","line":73,"loc":{"start":{"line":73,"column":4},"end":{"line":73,"column":72}}},"6":{"name":"transferFrom","line":86,"loc":{"start":{"line":86,"column":4},"end":{"line":86,"column":86}}},"7":{"name":"increaseAllowance","line":102,"loc":{"start":{"line":102,"column":4},"end":{"line":102,"column":87}}},"8":{"name":"decreaseAllowance","line":117,"loc":{"start":{"line":117,"column":4},"end":{"line":117,"column":92}}},"9":{"name":"_transfer","line":128,"loc":{"start":{"line":128,"column":4},"end":{"line":128,"column":70}}},"10":{"name":"mint","line":136,"loc":{"start":{"line":136,"column":4},"end":{"line":139,"column":5}}},"11":{"name":"_mint","line":150,"loc":{"start":{"line":150,"column":4},"end":{"line":150,"column":57}}},"12":{"name":"_burn","line":164,"loc":{"start":{"line":164,"column":4},"end":{"line":164,"column":57}}},"13":{"name":"_approve","line":178,"loc":{"start":{"line":178,"column":4},"end":{"line":178,"column":75}}},"14":{"name":"_burnFrom","line":194,"loc":{"start":{"line":194,"column":4},"end":{"line":194,"column":61}}}},"statementMap":{"1":{"start":{"line":32,"column":8},"end":{"line":32,"column":27}},"2":{"start":{"line":41,"column":8},"end":{"line":41,"column":31}},"3":{"start":{"line":51,"column":8},"end":{"line":51,"column":39}},"4":{"start":{"line":60,"column":8},"end":{"line":60,"column":39}},"5":{"start":{"line":61,"column":8},"end":{"line":61,"column":19}},"6":{"start":{"line":74,"column":8},"end":{"line":74,"column":43}},"7":{"start":{"line":75,"column":8},"end":{"line":75,"column":19}},"8":{"start":{"line":87,"column":8},"end":{"line":87,"column":33}},"9":{"start":{"line":88,"column":8},"end":{"line":88,"column":72}},"10":{"start":{"line":89,"column":8},"end":{"line":89,"column":19}},"11":{"start":{"line":103,"column":8},"end":{"line":103,"column":83}},"12":{"start":{"line":104,"column":8},"end":{"line":104,"column":19}},"13":{"start":{"line":118,"column":8},"end":{"line":118,"column":88}},"14":{"start":{"line":119,"column":8},"end":{"line":119,"column":19}},"15":{"start":{"line":129,"column":8},"end":{"line":129,"column":32}},"16":{"start":{"line":131,"column":8},"end":{"line":131,"column":51}},"17":{"start":{"line":132,"column":8},"end":{"line":132,"column":47}},"18":{"start":{"line":133,"column":8},"end":{"line":133,"column":38}},"19":{"start":{"line":140,"column":8},"end":{"line":140,"column":26}},"20":{"start":{"line":151,"column":8},"end":{"line":151,"column":37}},"21":{"start":{"line":153,"column":8},"end":{"line":153,"column":45}},"22":{"start":{"line":154,"column":8},"end":{"line":154,"column":57}},"23":{"start":{"line":155,"column":8},"end":{"line":155,"column":49}},"24":{"start":{"line":165,"column":8},"end":{"line":165,"column":37}},"25":{"start":{"line":167,"column":8},"end":{"line":167,"column":45}},"26":{"start":{"line":168,"column":8},"end":{"line":168,"column":57}},"27":{"start":{"line":169,"column":8},"end":{"line":169,"column":49}},"28":{"start":{"line":179,"column":8},"end":{"line":179,"column":37}},"29":{"start":{"line":180,"column":8},"end":{"line":180,"column":35}},"30":{"start":{"line":182,"column":8},"end":{"line":182,"column":39}},"31":{"start":{"line":183,"column":8},"end":{"line":183,"column":44}},"32":{"start":{"line":195,"column":8},"end":{"line":195,"column":28}},"33":{"start":{"line":196,"column":8},"end":{"line":196,"column":78}}},"branchMap":{"1":{"line":129,"type":"if","locations":[{"start":{"line":129,"column":8},"end":{"line":129,"column":8}},{"start":{"line":129,"column":8},"end":{"line":129,"column":8}}]},"2":{"line":151,"type":"if","locations":[{"start":{"line":151,"column":8},"end":{"line":151,"column":8}},{"start":{"line":151,"column":8},"end":{"line":151,"column":8}}]},"3":{"line":165,"type":"if","locations":[{"start":{"line":165,"column":8},"end":{"line":165,"column":8}},{"start":{"line":165,"column":8},"end":{"line":165,"column":8}}]},"4":{"line":179,"type":"if","locations":[{"start":{"line":179,"column":8},"end":{"line":179,"column":8}},{"start":{"line":179,"column":8},"end":{"line":179,"column":8}}]},"5":{"line":180,"type":"if","locations":[{"start":{"line":180,"column":8},"end":{"line":180,"column":8}},{"start":{"line":180,"column":8},"end":{"line":180,"column":8}}]}}},"contracts\\IERC20.sol":{"l":{},"path":"D:/unicoindapp/contracts/IERC20.sol","s":{},"b":{},"f":{},"fnMap":{},"statementMap":{},"branchMap":{}},"contracts\\SafeMath.sol":{"l":{"16":0,"17":0,"20":0,"21":0,"23":0,"31":0,"32":0,"35":0,"42":0,"43":0,"45":0,"52":2,"53":2,"55":2,"63":0,"64":0},"path":"D:/unicoindapp/contracts/SafeMath.sol","s":{"1":0,"2":0,"3":0,"4":0,"5":0,"6":0,"7":0,"8":0,"9":0,"10":0,"11":0,"12":2,"13":2,"14":2,"15":0,"16":0},"b":{"1":[0,0],"2":[0,0],"3":[0,0],"4":[0,0],"5":[2,0],"6":[0,0]},"f":{"1":0,"2":0,"3":0,"4":2,"5":0},"fnMap":{"1":{"name":"mul","line":12,"loc":{"start":{"line":12,"column":4},"end":{"line":12,"column":68}}},"2":{"name":"div","line":29,"loc":{"start":{"line":29,"column":4},"end":{"line":29,"column":68}}},"3":{"name":"sub","line":41,"loc":{"start":{"line":41,"column":4},"end":{"line":41,"column":68}}},"4":{"name":"add","line":51,"loc":{"start":{"line":51,"column":4},"end":{"line":51,"column":68}}},"5":{"name":"mod","line":62,"loc":{"start":{"line":62,"column":4},"end":{"line":62,"column":68}}}},"statementMap":{"1":{"start":{"line":16,"column":8},"end":{"line":16,"column":622}},"2":{"start":{"line":17,"column":12},"end":{"line":17,"column":20}},"3":{"start":{"line":20,"column":8},"end":{"line":20,"column":25}},"4":{"start":{"line":21,"column":8},"end":{"line":21,"column":26}},"5":{"start":{"line":23,"column":8},"end":{"line":23,"column":16}},"6":{"start":{"line":31,"column":8},"end":{"line":31,"column":21}},"7":{"start":{"line":32,"column":8},"end":{"line":32,"column":25}},"8":{"start":{"line":35,"column":8},"end":{"line":35,"column":16}},"9":{"start":{"line":42,"column":8},"end":{"line":42,"column":22}},"10":{"start":{"line":43,"column":8},"end":{"line":43,"column":25}},"11":{"start":{"line":45,"column":8},"end":{"line":45,"column":16}},"12":{"start":{"line":52,"column":8},"end":{"line":52,"column":25}},"13":{"start":{"line":53,"column":8},"end":{"line":53,"column":22}},"14":{"start":{"line":55,"column":8},"end":{"line":55,"column":16}},"15":{"start":{"line":63,"column":8},"end":{"line":63,"column":22}},"16":{"start":{"line":64,"column":8},"end":{"line":64,"column":20}}},"branchMap":{"1":{"line":16,"type":"if","locations":[{"start":{"line":16,"column":8},"end":{"line":16,"column":8}},{"start":{"line":16,"column":8},"end":{"line":16,"column":8}}]},"2":{"line":21,"type":"if","locations":[{"start":{"line":21,"column":8},"end":{"line":21,"column":8}},{"start":{"line":21,"column":8},"end":{"line":21,"column":8}}]},"3":{"line":31,"type":"if","locations":[{"start":{"line":31,"column":8},"end":{"line":31,"column":8}},{"start":{"line":31,"column":8},"end":{"line":31,"column":8}}]},"4":{"line":42,"type":"if","locations":[{"start":{"line":42,"column":8},"end":{"line":42,"column":8}},{"start":{"line":42,"column":8},"end":{"line":42,"column":8}}]},"5":{"line":53,"type":"if","locations":[{"start":{"line":53,"column":8},"end":{"line":53,"column":8}},{"start":{"line":53,"column":8},"end":{"line":53,"column":8}}]},"6":{"line":63,"type":"if","locations":[{"start":{"line":63,"column":8},"end":{"line":63,"column":8}},{"start":{"line":63,"column":8},"end":{"line":63,"column":8}}]}}},"contracts\\UnicoinRegistry.sol":{"l":{"84":0,"85":0,"90":0,"92":0,"94":0,"95":0,"101":0,"102":0,"104":0,"105":0,"108":0,"111":0,"112":0,"113":0,"114":0,"115":0,"120":0,"121":0,"123":0,"124":0,"126":0,"127":0,"128":0,"131":0,"133":0,"135":0,"136":0,"137":0,"140":0,"141":0,"142":0,"145":0,"146":0,"147":0,"148":0,"154":0,"155":0,"156":0,"157":0,"158":0,"161":0,"162":0,"163":0,"164":0,"169":0,"170":0,"171":0,"172":0,"173":0,"178":0,"179":0,"180":0,"181":0,"182":0,"187":0,"188":0,"189":0,"190":0,"195":0,"196":0,"197":0,"198":0,"203":0,"204":0,"205":0,"209":0,"210":0,"215":0,"216":0,"221":0,"222":0,"236":0,"242":0},"path":"D:/unicoindapp/contracts/UnicoinRegistry.sol","s":{"1":0,"2":0,"3":0,"4":0,"5":0,"6":0,"7":0,"8":0,"9":0,"10":0,"11":0,"12":0,"13":0,"14":0,"15":0,"16":0,"17":0,"18":0,"19":0,"20":0,"21":0,"22":0,"23":0,"24":0,"25":0,"26":0,"27":0,"28":0,"29":0,"30":0,"31":0,"32":0,"33":0,"34":0,"35":0,"36":0,"37":0,"38":0,"39":0,"40":0,"41":0,"42":0,"43":0,"44":0,"45":0,"46":0,"47":0,"48":0,"49":0,"50":0,"51":0,"52":0,"53":0,"54":0,"55":0,"56":0,"57":0,"58":0,"59":0,"60":0,"61":0,"62":0,"63":0,"64":0,"65":0,"66":0,"67":0,"68":0,"69":0,"70":0,"71":0,"72":0,"73":0},"b":{"1":[0,0],"2":[0,0],"3":[0,0],"4":[0,0],"5":[0,0],"6":[0,0],"7":[0,0],"8":[0,0],"9":[0,0],"10":[0,0],"11":[0,0],"12":[0,0],"13":[0,0],"14":[0,0],"15":[0,0],"16":[0,0],"17":[0,0],"18":[0,0],"19":[0,0],"20":[0,0],"21":[0,0],"22":[0,0],"23":[0,0],"24":[0,0],"25":[0,0],"26":[0,0],"27":[0,0],"28":[0,0],"29":[0,0],"30":[0,0]},"f":{"1":0,"2":0,"3":0,"4":0,"5":0,"6":0,"7":0,"8":0,"9":0,"10":0,"11":0,"12":0,"13":0,"14":0,"15":0},"fnMap":{"1":{"name":"constructor","line":83,"loc":{"start":{"line":83,"column":4},"end":{"line":83,"column":57}}},"2":{"name":"registerUser","line":89,"loc":{"start":{"line":89,"column":4},"end":{"line":89,"column":58}}},"3":{"name":"createPublication","line":100,"loc":{"start":{"line":100,"column":4},"end":{"line":100,"column":197}}},"4":{"name":"makeBid","line":119,"loc":{"start":{"line":119,"column":4},"end":{"line":119,"column":66}}},"5":{"name":"acceptBid","line":153,"loc":{"start":{"line":153,"column":4},"end":{"line":153,"column":40}}},"6":{"name":"rejectBid","line":168,"loc":{"start":{"line":168,"column":4},"end":{"line":168,"column":40}}},"7":{"name":"cancelBid","line":177,"loc":{"start":{"line":177,"column":4},"end":{"line":177,"column":40}}},"8":{"name":"changeToSale","line":186,"loc":{"start":{"line":186,"column":4},"end":{"line":186,"column":76}}},"9":{"name":"changeToAuction","line":194,"loc":{"start":{"line":194,"column":4},"end":{"line":194,"column":58}}},"10":{"name":"changeSellPrice","line":202,"loc":{"start":{"line":202,"column":4},"end":{"line":202,"column":79}}},"11":{"name":"changeRunningStatus","line":208,"loc":{"start":{"line":208,"column":4},"end":{"line":208,"column":62}}},"12":{"name":"getPublications","line":214,"loc":{"start":{"line":214,"column":4},"end":{"line":214,"column":82}}},"13":{"name":"getBids","line":220,"loc":{"start":{"line":220,"column":4},"end":{"line":220,"column":74}}},"14":{"name":"getPublicationBids","line":235,"loc":{"start":{"line":235,"column":4},"end":{"line":235,"column":92}}},"15":{"name":"getPublicationLength","line":241,"loc":{"start":{"line":241,"column":4},"end":{"line":241,"column":65}}}},"statementMap":{"1":{"start":{"line":84,"column":8},"end":{"line":84,"column":38}},"2":{"start":{"line":85,"column":8},"end":{"line":85,"column":47}},"3":{"start":{"line":90,"column":8},"end":{"line":90,"column":82}},"4":{"start":{"line":92,"column":8},"end":{"line":92,"column":71}},"5":{"start":{"line":94,"column":8},"end":{"line":94,"column":62}},"6":{"start":{"line":95,"column":8},"end":{"line":95,"column":41}},"7":{"start":{"line":101,"column":8},"end":{"line":101,"column":90}},"8":{"start":{"line":102,"column":8},"end":{"line":102,"column":81}},"9":{"start":{"line":104,"column":8},"end":{"line":104,"column":5107}},"10":{"start":{"line":105,"column":12},"end":{"line":105,"column":82}},"11":{"start":{"line":108,"column":12},"end":{"line":108,"column":64}},"12":{"start":{"line":111,"column":8},"end":{"line":111,"column":54}},"13":{"start":{"line":112,"column":8},"end":{"line":112,"column":42}},"14":{"start":{"line":113,"column":8},"end":{"line":113,"column":180}},"15":{"start":{"line":114,"column":8},"end":{"line":114,"column":53}},"16":{"start":{"line":115,"column":8},"end":{"line":115,"column":50}},"17":{"start":{"line":120,"column":8},"end":{"line":120,"column":89}},"18":{"start":{"line":121,"column":8},"end":{"line":121,"column":83}},"19":{"start":{"line":123,"column":8},"end":{"line":123,"column":6260}},"20":{"start":{"line":124,"column":12},"end":{"line":124,"column":86}},"21":{"start":{"line":126,"column":12},"end":{"line":126,"column":111}},"22":{"start":{"line":127,"column":12},"end":{"line":127,"column":71}},"23":{"start":{"line":128,"column":12},"end":{"line":128,"column":61}},"24":{"start":{"line":131,"column":8},"end":{"line":131,"column":6904}},"25":{"start":{"line":133,"column":12},"end":{"line":133,"column":95}},"26":{"start":{"line":135,"column":12},"end":{"line":135,"column":112}},"27":{"start":{"line":136,"column":12},"end":{"line":136,"column":67}},"28":{"start":{"line":137,"column":12},"end":{"line":137,"column":57}},"29":{"start":{"line":140,"column":12},"end":{"line":140,"column":109}},"30":{"start":{"line":141,"column":12},"end":{"line":141,"column":99}},"31":{"start":{"line":142,"column":12},"end":{"line":142,"column":73}},"32":{"start":{"line":145,"column":12},"end":{"line":145,"column":104}},"33":{"start":{"line":146,"column":12},"end":{"line":146,"column":58}},"34":{"start":{"line":147,"column":12},"end":{"line":147,"column":65}},"35":{"start":{"line":148,"column":12},"end":{"line":148,"column":70}},"36":{"start":{"line":154,"column":8},"end":{"line":154,"column":58}},"37":{"start":{"line":155,"column":8},"end":{"line":155,"column":127}},"38":{"start":{"line":156,"column":8},"end":{"line":156,"column":86}},"39":{"start":{"line":157,"column":8},"end":{"line":157,"column":82}},"40":{"start":{"line":158,"column":8},"end":{"line":158,"column":44}},"41":{"start":{"line":161,"column":8},"end":{"line":161,"column":100}},"42":{"start":{"line":162,"column":8},"end":{"line":162,"column":54}},"43":{"start":{"line":163,"column":8},"end":{"line":163,"column":61}},"44":{"start":{"line":164,"column":8},"end":{"line":164,"column":66}},"45":{"start":{"line":169,"column":8},"end":{"line":169,"column":58}},"46":{"start":{"line":170,"column":8},"end":{"line":170,"column":127}},"47":{"start":{"line":171,"column":8},"end":{"line":171,"column":86}},"48":{"start":{"line":172,"column":8},"end":{"line":172,"column":79}},"49":{"start":{"line":173,"column":8},"end":{"line":173,"column":44}},"50":{"start":{"line":178,"column":8},"end":{"line":178,"column":58}},"51":{"start":{"line":179,"column":8},"end":{"line":179,"column":127}},"52":{"start":{"line":180,"column":8},"end":{"line":180,"column":86}},"53":{"start":{"line":181,"column":8},"end":{"line":181,"column":79}},"54":{"start":{"line":182,"column":8},"end":{"line":182,"column":45}},"55":{"start":{"line":187,"column":8},"end":{"line":187,"column":127}},"56":{"start":{"line":188,"column":8},"end":{"line":188,"column":88}},"57":{"start":{"line":189,"column":8},"end":{"line":189,"column":61}},"58":{"start":{"line":190,"column":8},"end":{"line":190,"column":54}},"59":{"start":{"line":195,"column":8},"end":{"line":195,"column":127}},"60":{"start":{"line":196,"column":8},"end":{"line":196,"column":93}},"61":{"start":{"line":197,"column":8},"end":{"line":197,"column":51}},"62":{"start":{"line":198,"column":8},"end":{"line":198,"column":53}},"63":{"start":{"line":203,"column":8},"end":{"line":203,"column":127}},"64":{"start":{"line":204,"column":8},"end":{"line":204,"column":86}},"65":{"start":{"line":205,"column":8},"end":{"line":205,"column":61}},"66":{"start":{"line":209,"column":8},"end":{"line":209,"column":127}},"67":{"start":{"line":210,"column":8},"end":{"line":210,"column":89}},"68":{"start":{"line":215,"column":8},"end":{"line":215,"column":52}},"69":{"start":{"line":216,"column":8},"end":{"line":216,"column":44}},"70":{"start":{"line":221,"column":8},"end":{"line":221,"column":54}},"71":{"start":{"line":222,"column":8},"end":{"line":222,"column":38}},"72":{"start":{"line":236,"column":8},"end":{"line":236,"column":61}},"73":{"start":{"line":242,"column":8},"end":{"line":242,"column":34}}},"branchMap":{"1":{"line":90,"type":"if","locations":[{"start":{"line":90,"column":8},"end":{"line":90,"column":8}},{"start":{"line":90,"column":8},"end":{"line":90,"column":8}}]},"2":{"line":92,"type":"if","locations":[{"start":{"line":92,"column":8},"end":{"line":92,"column":8}},{"start":{"line":92,"column":8},"end":{"line":92,"column":8}}]},"3":{"line":101,"type":"if","locations":[{"start":{"line":101,"column":8},"end":{"line":101,"column":8}},{"start":{"line":101,"column":8},"end":{"line":101,"column":8}}]},"4":{"line":102,"type":"if","locations":[{"start":{"line":102,"column":8},"end":{"line":102,"column":8}},{"start":{"line":102,"column":8},"end":{"line":102,"column":8}}]},"5":{"line":104,"type":"if","locations":[{"start":{"line":104,"column":8},"end":{"line":104,"column":8}},{"start":{"line":104,"column":8},"end":{"line":104,"column":8}}]},"6":{"line":105,"type":"if","locations":[{"start":{"line":105,"column":12},"end":{"line":105,"column":12}},{"start":{"line":105,"column":12},"end":{"line":105,"column":12}}]},"7":{"line":108,"type":"if","locations":[{"start":{"line":108,"column":12},"end":{"line":108,"column":12}},{"start":{"line":108,"column":12},"end":{"line":108,"column":12}}]},"8":{"line":120,"type":"if","locations":[{"start":{"line":120,"column":8},"end":{"line":120,"column":8}},{"start":{"line":120,"column":8},"end":{"line":120,"column":8}}]},"9":{"line":121,"type":"if","locations":[{"start":{"line":121,"column":8},"end":{"line":121,"column":8}},{"start":{"line":121,"column":8},"end":{"line":121,"column":8}}]},"10":{"line":123,"type":"if","locations":[{"start":{"line":123,"column":8},"end":{"line":123,"column":8}},{"start":{"line":123,"column":8},"end":{"line":123,"column":8}}]},"11":{"line":124,"type":"if","locations":[{"start":{"line":124,"column":12},"end":{"line":124,"column":12}},{"start":{"line":124,"column":12},"end":{"line":124,"column":12}}]},"12":{"line":131,"type":"if","locations":[{"start":{"line":131,"column":8},"end":{"line":131,"column":8}},{"start":{"line":131,"column":8},"end":{"line":131,"column":8}}]},"13":{"line":133,"type":"if","locations":[{"start":{"line":133,"column":12},"end":{"line":133,"column":12}},{"start":{"line":133,"column":12},"end":{"line":133,"column":12}}]},"14":{"line":140,"type":"if","locations":[{"start":{"line":140,"column":12},"end":{"line":140,"column":12}},{"start":{"line":140,"column":12},"end":{"line":140,"column":12}}]},"15":{"line":155,"type":"if","locations":[{"start":{"line":155,"column":8},"end":{"line":155,"column":8}},{"start":{"line":155,"column":8},"end":{"line":155,"column":8}}]},"16":{"line":156,"type":"if","locations":[{"start":{"line":156,"column":8},"end":{"line":156,"column":8}},{"start":{"line":156,"column":8},"end":{"line":156,"column":8}}]},"17":{"line":157,"type":"if","locations":[{"start":{"line":157,"column":8},"end":{"line":157,"column":8}},{"start":{"line":157,"column":8},"end":{"line":157,"column":8}}]},"18":{"line":170,"type":"if","locations":[{"start":{"line":170,"column":8},"end":{"line":170,"column":8}},{"start":{"line":170,"column":8},"end":{"line":170,"column":8}}]},"19":{"line":171,"type":"if","locations":[{"start":{"line":171,"column":8},"end":{"line":171,"column":8}},{"start":{"line":171,"column":8},"end":{"line":171,"column":8}}]},"20":{"line":172,"type":"if","locations":[{"start":{"line":172,"column":8},"end":{"line":172,"column":8}},{"start":{"line":172,"column":8},"end":{"line":172,"column":8}}]},"21":{"line":179,"type":"if","locations":[{"start":{"line":179,"column":8},"end":{"line":179,"column":8}},{"start":{"line":179,"column":8},"end":{"line":179,"column":8}}]},"22":{"line":180,"type":"if","locations":[{"start":{"line":180,"column":8},"end":{"line":180,"column":8}},{"start":{"line":180,"column":8},"end":{"line":180,"column":8}}]},"23":{"line":181,"type":"if","locations":[{"start":{"line":181,"column":8},"end":{"line":181,"column":8}},{"start":{"line":181,"column":8},"end":{"line":181,"column":8}}]},"24":{"line":187,"type":"if","locations":[{"start":{"line":187,"column":8},"end":{"line":187,"column":8}},{"start":{"line":187,"column":8},"end":{"line":187,"column":8}}]},"25":{"line":188,"type":"if","locations":[{"start":{"line":188,"column":8},"end":{"line":188,"column":8}},{"start":{"line":188,"column":8},"end":{"line":188,"column":8}}]},"26":{"line":195,"type":"if","locations":[{"start":{"line":195,"column":8},"end":{"line":195,"column":8}},{"start":{"line":195,"column":8},"end":{"line":195,"column":8}}]},"27":{"line":196,"type":"if","locations":[{"start":{"line":196,"column":8},"end":{"line":196,"column":8}},{"start":{"line":196,"column":8},"end":{"line":196,"column":8}}]},"28":{"line":203,"type":"if","locations":[{"start":{"line":203,"column":8},"end":{"line":203,"column":8}},{"start":{"line":203,"column":8},"end":{"line":203,"column":8}}]},"29":{"line":204,"type":"if","locations":[{"start":{"line":204,"column":8},"end":{"line":204,"column":8}},{"start":{"line":204,"column":8},"end":{"line":204,"column":8}}]},"30":{"line":209,"type":"if","locations":[{"start":{"line":209,"column":8},"end":{"line":209,"column":8}},{"start":{"line":209,"column":8},"end":{"line":209,"column":8}}]}}}}