TN:
SF:D:/unicoindapp/contracts/ERC20.sol
FN:31,totalSupply
FN:40,balanceOf
FN:50,allowance
FN:59,transfer
FN:73,approve
FN:86,transferFrom
FN:102,increaseAllowance
FN:117,decreaseAllowance
FN:128,_transfer
FN:136,mint
FN:150,_mint
FN:164,_burn
FN:178,_approve
FN:194,_burnFrom
FNF:14
FNH:3
FNDA:0,totalSupply
FNDA:1,balanceOf
FNDA:0,allowance
FNDA:0,transfer
FNDA:0,approve
FNDA:0,transferFrom
FNDA:0,increaseAllowance
FNDA:0,decreaseAllowance
FNDA:0,_transfer
FNDA:1,mint
FNDA:1,_mint
FNDA:0,_burn
FNDA:0,_approve
FNDA:0,_burnFrom
DA:32,0
DA:41,1
DA:51,0
DA:60,0
DA:61,0
DA:74,0
DA:75,0
DA:87,0
DA:88,0
DA:89,0
DA:103,0
DA:104,0
DA:118,0
DA:119,0
DA:129,0
DA:131,0
DA:132,0
DA:133,0
DA:140,1
DA:151,1
DA:153,1
DA:154,1
DA:155,1
DA:165,0
DA:167,0
DA:168,0
DA:169,0
DA:179,0
DA:180,0
DA:182,0
DA:183,0
DA:195,0
DA:196,0
LF:33
LH:6
BRDA:129,1,0,0
BRDA:129,1,1,0
BRDA:151,2,0,1
BRDA:151,2,1,0
BRDA:165,3,0,0
BRDA:165,3,1,0
BRDA:179,4,0,0
BRDA:179,4,1,0
BRDA:180,5,0,0
BRDA:180,5,1,0
BRF:10
BRH:1
end_of_record
TN:
SF:D:/unicoindapp/contracts/IERC20.sol
FNF:0
FNH:0
LF:0
LH:0
BRF:0
BRH:0
end_of_record
TN:
SF:D:/unicoindapp/contracts/SafeMath.sol
FN:12,mul
FN:29,div
FN:41,sub
FN:51,add
FN:62,mod
FNF:5
FNH:1
FNDA:0,mul
FNDA:0,div
FNDA:0,sub
FNDA:2,add
FNDA:0,mod
DA:16,0
DA:17,0
DA:20,0
DA:21,0
DA:23,0
DA:31,0
DA:32,0
DA:35,0
DA:42,0
DA:43,0
DA:45,0
DA:52,2
DA:53,2
DA:55,2
DA:63,0
DA:64,0
LF:16
LH:3
BRDA:16,1,0,0
BRDA:16,1,1,0
BRDA:21,2,0,0
BRDA:21,2,1,0
BRDA:31,3,0,0
BRDA:31,3,1,0
BRDA:42,4,0,0
BRDA:42,4,1,0
BRDA:53,5,0,2
BRDA:53,5,1,0
BRDA:63,6,0,0
BRDA:63,6,1,0
BRF:12
BRH:1
end_of_record
TN:
SF:D:/unicoindapp/contracts/UnicoinRegistry.sol
FN:83,constructor
FN:89,registerUser
FN:100,createPublication
FN:119,makeBid
FN:153,acceptBid
FN:168,rejectBid
FN:177,cancelBid
FN:186,changeToSale
FN:194,changeToAuction
FN:202,changeSellPrice
FN:208,changeRunningStatus
FN:214,getPublications
FN:220,getBids
FN:235,getPublicationBids
FN:241,getPublicationLength
FNF:15
FNH:0
FNDA:0,constructor
FNDA:0,registerUser
FNDA:0,createPublication
FNDA:0,makeBid
FNDA:0,acceptBid
FNDA:0,rejectBid
FNDA:0,cancelBid
FNDA:0,changeToSale
FNDA:0,changeToAuction
FNDA:0,changeSellPrice
FNDA:0,changeRunningStatus
FNDA:0,getPublications
FNDA:0,getBids
FNDA:0,getPublicationBids
FNDA:0,getPublicationLength
DA:84,0
DA:85,0
DA:90,0
DA:92,0
DA:94,0
DA:95,0
DA:101,0
DA:102,0
DA:104,0
DA:105,0
DA:108,0
DA:111,0
DA:112,0
DA:113,0
DA:114,0
DA:115,0
DA:120,0
DA:121,0
DA:123,0
DA:124,0
DA:126,0
DA:127,0
DA:128,0
DA:131,0
DA:133,0
DA:135,0
DA:136,0
DA:137,0
DA:140,0
DA:141,0
DA:142,0
DA:145,0
DA:146,0
DA:147,0
DA:148,0
DA:154,0
DA:155,0
DA:156,0
DA:157,0
DA:158,0
DA:161,0
DA:162,0
DA:163,0
DA:164,0
DA:169,0
DA:170,0
DA:171,0
DA:172,0
DA:173,0
DA:178,0
DA:179,0
DA:180,0
DA:181,0
DA:182,0
DA:187,0
DA:188,0
DA:189,0
DA:190,0
DA:195,0
DA:196,0
DA:197,0
DA:198,0
DA:203,0
DA:204,0
DA:205,0
DA:209,0
DA:210,0
DA:215,0
DA:216,0
DA:221,0
DA:222,0
DA:236,0
DA:242,0
LF:73
LH:0
BRDA:90,1,0,0
BRDA:90,1,1,0
BRDA:92,2,0,0
BRDA:92,2,1,0
BRDA:101,3,0,0
BRDA:101,3,1,0
BRDA:102,4,0,0
BRDA:102,4,1,0
BRDA:104,5,0,0
BRDA:104,5,1,0
BRDA:105,6,0,0
BRDA:105,6,1,0
BRDA:108,7,0,0
BRDA:108,7,1,0
BRDA:120,8,0,0
BRDA:120,8,1,0
BRDA:121,9,0,0
BRDA:121,9,1,0
BRDA:123,10,0,0
BRDA:123,10,1,0
BRDA:124,11,0,0
BRDA:124,11,1,0
BRDA:131,12,0,0
BRDA:131,12,1,0
BRDA:133,13,0,0
BRDA:133,13,1,0
BRDA:140,14,0,0
BRDA:140,14,1,0
BRDA:155,15,0,0
BRDA:155,15,1,0
BRDA:156,16,0,0
BRDA:156,16,1,0
BRDA:157,17,0,0
BRDA:157,17,1,0
BRDA:170,18,0,0
BRDA:170,18,1,0
BRDA:171,19,0,0
BRDA:171,19,1,0
BRDA:172,20,0,0
BRDA:172,20,1,0
BRDA:179,21,0,0
BRDA:179,21,1,0
BRDA:180,22,0,0
BRDA:180,22,1,0
BRDA:181,23,0,0
BRDA:181,23,1,0
BRDA:187,24,0,0
BRDA:187,24,1,0
BRDA:188,25,0,0
BRDA:188,25,1,0
BRDA:195,26,0,0
BRDA:195,26,1,0
BRDA:196,27,0,0
BRDA:196,27,1,0
BRDA:203,28,0,0
BRDA:203,28,1,0
BRDA:204,29,0,0
BRDA:204,29,1,0
BRDA:209,30,0,0
BRDA:209,30,1,0
BRF:60
BRH:0
end_of_record
