TN:
SF:/Users/chris/Projects/unicoindapp/contracts/ERC20.sol
FN:31,totalSupply
FN:40,balanceOf
FN:50,allowance
FN:59,transfer
FN:73,approve
FN:86,transferFrom
FN:102,increaseAllowance
FN:117,decreaseAllowance
FN:128,_transfer
FN:136,mint
FN:150,_mint
FN:164,_burn
FN:178,_approve
FN:194,_burnFrom
FNF:14
FNH:3
FNDA:0,totalSupply
FNDA:1,balanceOf
FNDA:0,allowance
FNDA:0,transfer
FNDA:0,approve
FNDA:0,transferFrom
FNDA:0,increaseAllowance
FNDA:0,decreaseAllowance
FNDA:0,_transfer
FNDA:1,mint
FNDA:1,_mint
FNDA:0,_burn
FNDA:0,_approve
FNDA:0,_burnFrom
DA:32,0
DA:41,1
DA:51,0
DA:60,0
DA:61,0
DA:74,0
DA:75,0
DA:87,0
DA:88,0
DA:89,0
DA:103,0
DA:104,0
DA:118,0
DA:119,0
DA:129,0
DA:131,0
DA:132,0
DA:140,1
DA:151,1
DA:153,1
DA:154,1
DA:155,1
DA:165,0
DA:167,0
DA:168,0
DA:169,0
DA:179,0
DA:180,0
DA:182,0
DA:195,0
DA:196,0
LF:31
LH:6
BRDA:129,1,0,0
BRDA:129,1,1,0
BRDA:151,2,0,1
BRDA:151,2,1,0
BRDA:165,3,0,0
BRDA:165,3,1,0
BRDA:179,4,0,0
BRDA:179,4,1,0
BRDA:180,5,0,0
BRDA:180,5,1,0
BRF:10
BRH:1
end_of_record
TN:
SF:/Users/chris/Projects/unicoindapp/contracts/IERC20.sol
FNF:0
FNH:0
LF:0
LH:0
BRF:0
BRH:0
end_of_record
TN:
SF:/Users/chris/Projects/unicoindapp/contracts/SafeMath.sol
FN:12,mul
FN:29,div
FN:41,sub
FN:51,add
FN:62,mod
FNF:5
FNH:1
FNDA:0,mul
FNDA:0,div
FNDA:0,sub
FNDA:2,add
FNDA:0,mod
DA:16,0
DA:17,0
DA:20,0
DA:21,0
DA:23,0
DA:31,0
DA:32,0
DA:35,0
DA:42,0
DA:43,0
DA:45,0
DA:52,2
DA:53,2
DA:55,2
DA:63,0
DA:64,0
LF:16
LH:3
BRDA:16,1,0,0
BRDA:16,1,1,0
BRDA:21,2,0,0
BRDA:21,2,1,0
BRDA:31,3,0,0
BRDA:31,3,1,0
BRDA:42,4,0,0
BRDA:42,4,1,0
BRDA:53,5,0,2
BRDA:53,5,1,0
BRDA:63,6,0,0
BRDA:63,6,1,0
BRF:12
BRH:1
end_of_record
TN:
SF:/Users/chris/Projects/unicoindapp/contracts/UnicoinRegistry.sol
FN:135,constructor
FN:146,registerUser
FN:158,createPublication
FN:200,makeBid
FN:234,acceptBid
FN:251,rejectBid
FN:263,cancelBid
FN:277,changeToSale
FN:288,changeToAuction
FN:300,changeSellPrice
FN:311,changeRunningStatus
FN:321,getPublications
FN:327,getBids
FN:343,getPublicationBids
FN:348,getPublicationLength
FN:354,getPublication
FN:377,getLicenceForAddress
FN:382,getLicence
FN:393,donate
FNF:19
FNH:1
FNDA:2,constructor
FNDA:0,registerUser
FNDA:0,createPublication
FNDA:0,makeBid
FNDA:0,acceptBid
FNDA:0,rejectBid
FNDA:0,cancelBid
FNDA:0,changeToSale
FNDA:0,changeToAuction
FNDA:0,changeSellPrice
FNDA:0,changeRunningStatus
FNDA:0,getPublications
FNDA:0,getBids
FNDA:0,getPublicationBids
FNDA:0,getPublicationLength
FNDA:0,getPublication
FNDA:0,getLicenceForAddress
FNDA:0,getLicence
FNDA:0,donate
DA:136,2
DA:137,2
DA:139,2
DA:147,0
DA:148,0
DA:149,0
DA:150,0
DA:165,0
DA:166,0
DA:167,0
DA:168,0
DA:171,0
DA:173,0
DA:174,0
DA:175,0
DA:184,0
DA:185,0
DA:187,0
DA:201,0
DA:202,0
DA:203,0
DA:204,0
DA:205,0
DA:206,0
DA:207,0
DA:209,0
DA:211,0
DA:212,0
DA:213,0
DA:214,0
DA:215,0
DA:217,0
DA:218,0
DA:219,0
DA:221,0
DA:222,0
DA:223,0
DA:224,0
DA:226,0
DA:235,0
DA:236,0
DA:237,0
DA:238,0
DA:239,0
DA:241,0
DA:242,0
DA:243,0
DA:244,0
DA:246,0
DA:252,0
DA:253,0
DA:254,0
DA:255,0
DA:256,0
DA:258,0
DA:264,0
DA:265,0
DA:267,0
DA:268,0
DA:269,0
DA:271,0
DA:278,0
DA:279,0
DA:280,0
DA:281,0
DA:283,0
DA:289,0
DA:290,0
DA:291,0
DA:292,0
DA:294,0
DA:301,0
DA:302,0
DA:303,0
DA:305,0
DA:312,0
DA:313,0
DA:315,0
DA:322,0
DA:323,0
DA:328,0
DA:329,0
DA:344,0
DA:349,0
DA:363,0
DA:364,0
DA:378,0
DA:379,0
DA:383,0
DA:384,0
DA:394,0
DA:395,0
DA:396,0
DA:397,0
LF:94
LH:3
BRDA:147,1,0,0
BRDA:147,1,1,0
BRDA:148,2,0,0
BRDA:148,2,1,0
BRDA:165,3,0,0
BRDA:165,3,1,0
BRDA:166,4,0,0
BRDA:166,4,1,0
BRDA:167,5,0,0
BRDA:167,5,1,0
BRDA:168,6,0,0
BRDA:168,6,1,0
BRDA:171,7,0,0
BRDA:171,7,1,0
BRDA:201,8,0,0
BRDA:201,8,1,0
BRDA:202,9,0,0
BRDA:202,9,1,0
BRDA:203,10,0,0
BRDA:203,10,1,0
BRDA:204,11,0,0
BRDA:204,11,1,0
BRDA:211,12,0,0
BRDA:211,12,1,0
BRDA:212,13,0,0
BRDA:212,13,1,0
BRDA:217,14,0,0
BRDA:217,14,1,0
BRDA:219,15,0,0
BRDA:219,15,1,0
BRDA:236,16,0,0
BRDA:236,16,1,0
BRDA:237,17,0,0
BRDA:237,17,1,0
BRDA:238,18,0,0
BRDA:238,18,1,0
BRDA:253,19,0,0
BRDA:253,19,1,0
BRDA:254,20,0,0
BRDA:254,20,1,0
BRDA:255,21,0,0
BRDA:255,21,1,0
BRDA:265,22,0,0
BRDA:265,22,1,0
BRDA:267,23,0,0
BRDA:267,23,1,0
BRDA:268,24,0,0
BRDA:268,24,1,0
BRDA:278,25,0,0
BRDA:278,25,1,0
BRDA:279,26,0,0
BRDA:279,26,1,0
BRDA:289,27,0,0
BRDA:289,27,1,0
BRDA:290,28,0,0
BRDA:290,28,1,0
BRDA:301,29,0,0
BRDA:301,29,1,0
BRDA:302,30,0,0
BRDA:302,30,1,0
BRDA:312,31,0,0
BRDA:312,31,1,0
BRDA:394,32,0,0
BRDA:394,32,1,0
BRDA:395,33,0,0
BRDA:395,33,1,0
BRF:66
BRH:0
end_of_record
